2024/07/21 19:36:19 [notice] 1#1: using the "epoll" event method
2024/07/21 19:36:19 [notice] 1#1: nginx/1.25.5
2024/07/21 19:36:19 [notice] 1#1: built by gcc 12.2.0 (Debian 12.2.0-14) 
2024/07/21 19:36:19 [notice] 1#1: OS: Linux 5.15.0-116-generic
2024/07/21 19:36:19 [notice] 1#1: getrlimit(RLIMIT_NOFILE): 1048576:1048576
2024/07/21 19:36:19 [notice] 1#1: start worker processes
2024/07/21 19:36:19 [notice] 1#1: start worker process 29
2024/07/21 19:36:19 [notice] 1#1: start worker process 30
2024/07/21 19:36:19 [notice] 1#1: start worker process 31
2024/07/21 19:36:19 [notice] 1#1: start worker process 32
2024/07/21 19:37:34 [error] 29#29: *1 open() "/usr/share/nginx/html/7" failed (2: No such file or directory), client: 172.21.0.1, server: localhost, request: "GET /7 HTTP/1.1", host: "localhost"
2024/07/21 19:37:36 [error] 29#29: *1 open() "/usr/share/nginx/html/7" failed (2: No such file or directory), client: 172.21.0.1, server: localhost, request: "GET /7 HTTP/1.1", host: "localhost"
2024/07/21 19:37:41 [error] 29#29: *1 open() "/usr/share/nginx/html/icons/ubuntu-logo.png" failed (2: No such file or directory), client: 172.21.0.1, server: localhost, request: "GET /icons/ubuntu-logo.png HTTP/1.1", host: "localhost", referrer: "http://localhost/"
2024/07/21 19:42:40 [error] 30#30: *3 open() "/usr/share/nginx/html/favicon.ico" failed (2: No such file or directory), client: 172.21.0.1, server: localhost, request: "GET /favicon.ico HTTP/1.1", host: "localhost", referrer: "http://localhost/"
2024/07/21 19:47:35 [notice] 1#1: signal 3 (SIGQUIT) received, shutting down
2024/07/21 19:47:35 [notice] 29#29: gracefully shutting down
2024/07/21 19:47:35 [notice] 32#32: gracefully shutting down
2024/07/21 19:47:35 [notice] 32#32: exiting
2024/07/21 19:47:35 [notice] 31#31: gracefully shutting down
2024/07/21 19:47:35 [notice] 31#31: exiting
2024/07/21 19:47:35 [notice] 32#32: exit
2024/07/21 19:47:35 [notice] 31#31: exit
2024/07/21 19:47:35 [notice] 30#30: gracefully shutting down
2024/07/21 19:47:35 [notice] 30#30: exiting
2024/07/21 19:47:35 [notice] 30#30: exit
2024/07/21 19:47:35 [notice] 29#29: exiting
2024/07/21 19:47:35 [notice] 29#29: exit
2024/07/21 19:47:35 [notice] 1#1: signal 17 (SIGCHLD) received from 31
2024/07/21 19:47:35 [notice] 1#1: worker process 30 exited with code 0
2024/07/21 19:47:35 [notice] 1#1: worker process 31 exited with code 0
2024/07/21 19:47:35 [notice] 1#1: signal 29 (SIGIO) received
2024/07/21 19:47:35 [notice] 1#1: signal 17 (SIGCHLD) received from 32
2024/07/21 19:47:35 [notice] 1#1: worker process 29 exited with code 0
2024/07/21 19:47:35 [notice] 1#1: worker process 32 exited with code 0
2024/07/21 19:47:35 [notice] 1#1: exit
2024/07/21 19:48:04 [notice] 1#1: using the "epoll" event method
2024/07/21 19:48:04 [notice] 1#1: nginx/1.25.5
2024/07/21 19:48:04 [notice] 1#1: built by gcc 12.2.0 (Debian 12.2.0-14) 
2024/07/21 19:48:04 [notice] 1#1: OS: Linux 5.15.0-116-generic
2024/07/21 19:48:04 [notice] 1#1: getrlimit(RLIMIT_NOFILE): 1048576:1048576
2024/07/21 19:48:04 [notice] 1#1: start worker processes
2024/07/21 19:48:04 [notice] 1#1: start worker process 29
2024/07/21 19:48:04 [notice] 1#1: start worker process 30
2024/07/21 19:48:04 [notice] 1#1: start worker process 31
2024/07/21 19:48:04 [notice] 1#1: start worker process 32
2024/07/21 19:56:07 [notice] 1#1: signal 3 (SIGQUIT) received, shutting down
2024/07/21 19:56:07 [notice] 30#30: gracefully shutting down
2024/07/21 19:56:07 [notice] 29#29: gracefully shutting down
2024/07/21 19:56:07 [notice] 29#29: exiting
2024/07/21 19:56:07 [notice] 29#29: exit
2024/07/21 19:56:07 [notice] 31#31: gracefully shutting down
2024/07/21 19:56:07 [notice] 31#31: exiting
2024/07/21 19:56:07 [notice] 31#31: exit
2024/07/21 19:56:07 [notice] 32#32: gracefully shutting down
2024/07/21 19:56:07 [notice] 32#32: exiting
2024/07/21 19:56:07 [notice] 32#32: exit
2024/07/21 19:56:07 [notice] 30#30: exiting
2024/07/21 19:56:07 [notice] 30#30: exit
2024/07/21 19:56:07 [notice] 1#1: signal 17 (SIGCHLD) received from 31
2024/07/21 19:56:07 [notice] 1#1: worker process 29 exited with code 0
2024/07/21 19:56:07 [notice] 1#1: worker process 31 exited with code 0
2024/07/21 19:56:07 [notice] 1#1: worker process 32 exited with code 0
2024/07/21 19:56:07 [notice] 1#1: signal 29 (SIGIO) received
2024/07/21 19:56:07 [notice] 1#1: signal 17 (SIGCHLD) received from 30
2024/07/21 19:56:07 [notice] 1#1: worker process 30 exited with code 0
2024/07/21 19:56:07 [notice] 1#1: exit
2024/07/21 19:56:25 [notice] 1#1: using the "epoll" event method
2024/07/21 19:56:25 [notice] 1#1: nginx/1.25.5
2024/07/21 19:56:25 [notice] 1#1: built by gcc 12.2.0 (Debian 12.2.0-14) 
2024/07/21 19:56:25 [notice] 1#1: OS: Linux 5.15.0-116-generic
2024/07/21 19:56:25 [notice] 1#1: getrlimit(RLIMIT_NOFILE): 1048576:1048576
2024/07/21 19:56:25 [notice] 1#1: start worker processes
2024/07/21 19:56:25 [notice] 1#1: start worker process 29
2024/07/21 19:56:25 [notice] 1#1: start worker process 30
2024/07/21 19:56:25 [notice] 1#1: start worker process 31
2024/07/21 19:56:25 [notice] 1#1: start worker process 32
2024/07/21 20:02:50 [notice] 1#1: signal 3 (SIGQUIT) received, shutting down
2024/07/21 20:02:50 [notice] 31#31: gracefully shutting down
2024/07/21 20:02:50 [notice] 31#31: exiting
2024/07/21 20:02:50 [notice] 31#31: exit
2024/07/21 20:02:50 [notice] 29#29: gracefully shutting down
2024/07/21 20:02:50 [notice] 29#29: exiting
2024/07/21 20:02:50 [notice] 32#32: gracefully shutting down
2024/07/21 20:02:50 [notice] 29#29: exit
2024/07/21 20:02:50 [notice] 32#32: exiting
2024/07/21 20:02:50 [notice] 32#32: exit
2024/07/21 20:02:50 [notice] 30#30: gracefully shutting down
2024/07/21 20:02:50 [notice] 30#30: exiting
2024/07/21 20:02:50 [notice] 30#30: exit
2024/07/21 20:02:50 [notice] 1#1: signal 17 (SIGCHLD) received from 30
2024/07/21 20:02:50 [notice] 1#1: worker process 30 exited with code 0
2024/07/21 20:02:50 [notice] 1#1: signal 29 (SIGIO) received
2024/07/21 20:02:50 [notice] 1#1: signal 17 (SIGCHLD) received from 29
2024/07/21 20:02:50 [notice] 1#1: worker process 29 exited with code 0
2024/07/21 20:02:50 [notice] 1#1: signal 29 (SIGIO) received
2024/07/21 20:02:50 [notice] 1#1: signal 17 (SIGCHLD) received from 32
2024/07/21 20:02:50 [notice] 1#1: worker process 32 exited with code 0
2024/07/21 20:02:50 [notice] 1#1: signal 29 (SIGIO) received
2024/07/21 20:02:50 [notice] 1#1: signal 17 (SIGCHLD) received from 31
2024/07/21 20:02:50 [notice] 1#1: worker process 31 exited with code 0
2024/07/21 20:02:50 [notice] 1#1: exit
2024/07/21 20:03:18 [notice] 1#1: using the "epoll" event method
2024/07/21 20:03:18 [notice] 1#1: nginx/1.25.5
2024/07/21 20:03:18 [notice] 1#1: built by gcc 12.2.0 (Debian 12.2.0-14) 
2024/07/21 20:03:18 [notice] 1#1: OS: Linux 5.15.0-116-generic
2024/07/21 20:03:18 [notice] 1#1: getrlimit(RLIMIT_NOFILE): 1048576:1048576
2024/07/21 20:03:18 [notice] 1#1: start worker processes
2024/07/21 20:03:18 [notice] 1#1: start worker process 29
2024/07/21 20:03:18 [notice] 1#1: start worker process 30
2024/07/21 20:03:18 [notice] 1#1: start worker process 31
2024/07/21 20:03:18 [notice] 1#1: start worker process 32
2024/07/21 20:04:05 [notice] 1#1: signal 3 (SIGQUIT) received, shutting down
2024/07/21 20:04:05 [notice] 29#29: gracefully shutting down
2024/07/21 20:04:05 [notice] 29#29: exiting
2024/07/21 20:04:05 [notice] 31#31: gracefully shutting down
2024/07/21 20:04:05 [notice] 31#31: exiting
2024/07/21 20:04:05 [notice] 29#29: exit
2024/07/21 20:04:05 [notice] 31#31: exit
2024/07/21 20:04:05 [notice] 30#30: gracefully shutting down
2024/07/21 20:04:05 [notice] 30#30: exiting
2024/07/21 20:04:05 [notice] 30#30: exit
2024/07/21 20:04:05 [notice] 32#32: gracefully shutting down
2024/07/21 20:04:05 [notice] 32#32: exiting
2024/07/21 20:04:05 [notice] 32#32: exit
2024/07/21 20:04:05 [notice] 1#1: signal 17 (SIGCHLD) received from 30
2024/07/21 20:04:05 [notice] 1#1: worker process 30 exited with code 0
2024/07/21 20:04:05 [notice] 1#1: worker process 31 exited with code 0
2024/07/21 20:04:05 [notice] 1#1: worker process 32 exited with code 0
2024/07/21 20:04:05 [notice] 1#1: signal 29 (SIGIO) received
2024/07/21 20:04:05 [notice] 1#1: signal 17 (SIGCHLD) received from 29
2024/07/21 20:04:05 [notice] 1#1: worker process 29 exited with code 0
2024/07/21 20:04:05 [notice] 1#1: exit
2024/07/21 20:04:36 [notice] 1#1: using the "epoll" event method
2024/07/21 20:04:36 [notice] 1#1: nginx/1.25.5
2024/07/21 20:04:36 [notice] 1#1: built by gcc 12.2.0 (Debian 12.2.0-14) 
2024/07/21 20:04:36 [notice] 1#1: OS: Linux 5.15.0-116-generic
2024/07/21 20:04:36 [notice] 1#1: getrlimit(RLIMIT_NOFILE): 1048576:1048576
2024/07/21 20:04:36 [notice] 1#1: start worker processes
2024/07/21 20:04:36 [notice] 1#1: start worker process 29
2024/07/21 20:04:36 [notice] 1#1: start worker process 30
2024/07/21 20:04:36 [notice] 1#1: start worker process 31
2024/07/21 20:04:36 [notice] 1#1: start worker process 32
2024/07/21 20:53:11 [error] 29#29: *3 open() "/usr/share/nginx/html/1" failed (2: No such file or directory), client: 172.25.0.1, server: localhost, request: "GET /1 HTTP/1.1", host: "localhost"
2024/07/21 20:53:14 [error] 29#29: *3 open() "/usr/share/nginx/html/1" failed (2: No such file or directory), client: 172.25.0.1, server: localhost, request: "GET /1 HTTP/1.1", host: "localhost"
2024/07/21 20:53:17 [error] 29#29: *3 open() "/usr/share/nginx/html/1" failed (2: No such file or directory), client: 172.25.0.1, server: localhost, request: "GET /1 HTTP/1.1", host: "localhost"
2024/07/21 21:07:55 [notice] 1#1: signal 3 (SIGQUIT) received, shutting down
2024/07/21 21:07:55 [notice] 29#29: gracefully shutting down
2024/07/21 21:07:55 [notice] 29#29: exiting
2024/07/21 21:07:55 [notice] 29#29: exit
2024/07/21 21:07:55 [notice] 32#32: gracefully shutting down
2024/07/21 21:07:55 [notice] 32#32: exiting
2024/07/21 21:07:55 [notice] 32#32: exit
2024/07/21 21:07:55 [notice] 30#30: gracefully shutting down
2024/07/21 21:07:55 [notice] 31#31: gracefully shutting down
2024/07/21 21:07:55 [notice] 30#30: exiting
2024/07/21 21:07:55 [notice] 30#30: exit
2024/07/21 21:07:55 [notice] 31#31: exiting
2024/07/21 21:07:55 [notice] 31#31: exit
2024/07/21 21:07:55 [notice] 1#1: signal 17 (SIGCHLD) received from 29
2024/07/21 21:07:55 [notice] 1#1: worker process 29 exited with code 0
2024/07/21 21:07:55 [notice] 1#1: signal 29 (SIGIO) received
2024/07/21 21:07:55 [notice] 1#1: signal 17 (SIGCHLD) received from 31
2024/07/21 21:07:55 [notice] 1#1: worker process 30 exited with code 0
2024/07/21 21:07:55 [notice] 1#1: worker process 31 exited with code 0
2024/07/21 21:07:55 [notice] 1#1: signal 29 (SIGIO) received
2024/07/21 21:07:55 [notice] 1#1: signal 17 (SIGCHLD) received from 30
2024/07/21 21:07:55 [notice] 1#1: signal 17 (SIGCHLD) received from 32
2024/07/21 21:07:55 [notice] 1#1: worker process 32 exited with code 0
2024/07/21 21:07:55 [notice] 1#1: exit
2024/07/21 21:08:23 [notice] 1#1: using the "epoll" event method
2024/07/21 21:08:23 [notice] 1#1: nginx/1.25.5
2024/07/21 21:08:23 [notice] 1#1: built by gcc 12.2.0 (Debian 12.2.0-14) 
2024/07/21 21:08:23 [notice] 1#1: OS: Linux 5.15.0-116-generic
2024/07/21 21:08:23 [notice] 1#1: getrlimit(RLIMIT_NOFILE): 1048576:1048576
2024/07/21 21:08:23 [notice] 1#1: start worker processes
2024/07/21 21:08:23 [notice] 1#1: start worker process 31
2024/07/21 21:08:23 [notice] 1#1: start worker process 32
2024/07/21 21:08:23 [notice] 1#1: start worker process 33
2024/07/21 21:08:23 [notice] 1#1: start worker process 34
2024/07/21 21:08:57 [error] 31#31: *1 open() "/usr/share/nginx/html/1" failed (2: No such file or directory), client: 172.26.0.1, server: localhost, request: "GET /1 HTTP/1.1", host: "localhost"
2024/07/21 21:08:59 [error] 31#31: *1 open() "/usr/share/nginx/html/1" failed (2: No such file or directory), client: 172.26.0.1, server: localhost, request: "GET /1 HTTP/1.1", host: "localhost"
2024/07/21 21:19:02 [error] 32#32: *2 open() "/usr/share/nginx/html/1" failed (2: No such file or directory), client: 172.26.0.1, server: localhost, request: "GET /1 HTTP/1.1", host: "localhost"
2024/07/21 21:19:03 [error] 32#32: *2 open() "/usr/share/nginx/html/favicon.ico" failed (2: No such file or directory), client: 172.26.0.1, server: localhost, request: "GET /favicon.ico HTTP/1.1", host: "localhost", referrer: "http://localhost/1"
2024/07/21 21:19:04 [error] 33#33: *3 open() "/usr/share/nginx/html/1" failed (2: No such file or directory), client: 172.26.0.1, server: localhost, request: "GET /1 HTTP/1.1", host: "localhost"
2024/07/21 21:29:18 [notice] 1#1: signal 3 (SIGQUIT) received, shutting down
2024/07/21 21:29:18 [notice] 34#34: gracefully shutting down
2024/07/21 21:29:18 [notice] 34#34: exiting
2024/07/21 21:29:18 [notice] 34#34: exit
2024/07/21 21:29:18 [notice] 33#33: gracefully shutting down
2024/07/21 21:29:18 [notice] 33#33: exiting
2024/07/21 21:29:18 [notice] 33#33: exit
2024/07/21 21:29:18 [notice] 31#31: gracefully shutting down
2024/07/21 21:29:18 [notice] 31#31: exiting
2024/07/21 21:29:18 [notice] 31#31: exit
2024/07/21 21:29:18 [notice] 32#32: gracefully shutting down
2024/07/21 21:29:18 [notice] 32#32: exiting
2024/07/21 21:29:18 [notice] 32#32: exit
2024/07/21 21:29:18 [notice] 1#1: signal 17 (SIGCHLD) received from 31
2024/07/21 21:29:18 [notice] 1#1: worker process 31 exited with code 0
2024/07/21 21:29:18 [notice] 1#1: signal 29 (SIGIO) received
2024/07/21 21:29:18 [notice] 1#1: signal 17 (SIGCHLD) received from 32
2024/07/21 21:29:18 [notice] 1#1: worker process 32 exited with code 0
2024/07/21 21:29:18 [notice] 1#1: signal 29 (SIGIO) received
2024/07/21 21:29:18 [notice] 1#1: signal 17 (SIGCHLD) received from 34
2024/07/21 21:29:18 [notice] 1#1: worker process 34 exited with code 0
2024/07/21 21:29:18 [notice] 1#1: signal 29 (SIGIO) received
2024/07/21 21:29:18 [notice] 1#1: signal 17 (SIGCHLD) received from 33
2024/07/21 21:29:18 [notice] 1#1: worker process 33 exited with code 0
2024/07/21 21:29:18 [notice] 1#1: exit
2024/07/21 21:29:55 [notice] 1#1: using the "epoll" event method
2024/07/21 21:29:55 [notice] 1#1: nginx/1.25.5
2024/07/21 21:29:55 [notice] 1#1: built by gcc 12.2.0 (Debian 12.2.0-14) 
2024/07/21 21:29:55 [notice] 1#1: OS: Linux 5.15.0-116-generic
2024/07/21 21:29:55 [notice] 1#1: getrlimit(RLIMIT_NOFILE): 1048576:1048576
2024/07/21 21:29:55 [notice] 1#1: start worker processes
2024/07/21 21:29:55 [notice] 1#1: start worker process 29
2024/07/21 21:29:55 [notice] 1#1: start worker process 30
2024/07/21 21:29:55 [notice] 1#1: start worker process 31
2024/07/21 21:29:55 [notice] 1#1: start worker process 32
2024/07/21 21:56:54 [notice] 1#1: signal 3 (SIGQUIT) received, shutting down
2024/07/21 21:56:54 [notice] 30#30: gracefully shutting down
2024/07/21 21:56:54 [notice] 32#32: gracefully shutting down
2024/07/21 21:56:54 [notice] 32#32: exiting
2024/07/21 21:56:54 [notice] 31#31: gracefully shutting down
2024/07/21 21:56:54 [notice] 32#32: exit
2024/07/21 21:56:54 [notice] 29#29: gracefully shutting down
2024/07/21 21:56:54 [notice] 29#29: exiting
2024/07/21 21:56:54 [notice] 29#29: exit
2024/07/21 21:56:54 [notice] 31#31: exiting
2024/07/21 21:56:54 [notice] 31#31: exit
2024/07/21 21:56:54 [notice] 30#30: exiting
2024/07/21 21:56:54 [notice] 30#30: exit
2024/07/21 21:56:54 [notice] 1#1: signal 17 (SIGCHLD) received from 31
2024/07/21 21:56:54 [notice] 1#1: worker process 29 exited with code 0
2024/07/21 21:56:54 [notice] 1#1: worker process 30 exited with code 0
2024/07/21 21:56:54 [notice] 1#1: worker process 31 exited with code 0
2024/07/21 21:56:54 [notice] 1#1: worker process 32 exited with code 0
2024/07/21 21:56:54 [notice] 1#1: exit
2024/07/21 21:57:23 [notice] 1#1: using the "epoll" event method
2024/07/21 21:57:23 [notice] 1#1: nginx/1.25.5
2024/07/21 21:57:23 [notice] 1#1: built by gcc 12.2.0 (Debian 12.2.0-14) 
2024/07/21 21:57:23 [notice] 1#1: OS: Linux 5.15.0-116-generic
2024/07/21 21:57:23 [notice] 1#1: getrlimit(RLIMIT_NOFILE): 1048576:1048576
2024/07/21 21:57:23 [notice] 1#1: start worker processes
2024/07/21 21:57:23 [notice] 1#1: start worker process 30
2024/07/21 21:57:23 [notice] 1#1: start worker process 31
2024/07/21 21:57:23 [notice] 1#1: start worker process 32
2024/07/21 21:57:23 [notice] 1#1: start worker process 33
2024/07/21 21:57:44 [error] 30#30: *1 open() "/usr/share/nginx/html/favicon.ico" failed (2: No such file or directory), client: 172.28.0.1, server: localhost, request: "GET /favicon.ico HTTP/1.1", host: "localhost", referrer: "http://localhost/"
2024/07/21 22:06:37 [notice] 1#1: signal 3 (SIGQUIT) received, shutting down
2024/07/21 22:06:37 [notice] 32#32: gracefully shutting down
2024/07/21 22:06:37 [notice] 32#32: exiting
2024/07/21 22:06:37 [notice] 31#31: gracefully shutting down
2024/07/21 22:06:37 [notice] 31#31: exiting
2024/07/21 22:06:37 [notice] 30#30: gracefully shutting down
2024/07/21 22:06:37 [notice] 30#30: exiting
2024/07/21 22:06:37 [notice] 33#33: gracefully shutting down
2024/07/21 22:06:37 [notice] 33#33: exiting
2024/07/21 22:06:37 [notice] 31#31: exit
2024/07/21 22:06:37 [notice] 32#32: exit
2024/07/21 22:06:37 [notice] 33#33: exit
2024/07/21 22:06:37 [notice] 30#30: exit
2024/07/21 22:06:37 [notice] 1#1: signal 17 (SIGCHLD) received from 31
2024/07/21 22:06:37 [notice] 1#1: worker process 31 exited with code 0
2024/07/21 22:06:37 [notice] 1#1: worker process 30 exited with code 0
2024/07/21 22:06:37 [notice] 1#1: signal 29 (SIGIO) received
2024/07/21 22:06:37 [notice] 1#1: signal 17 (SIGCHLD) received from 30
2024/07/21 22:06:37 [notice] 1#1: signal 17 (SIGCHLD) received from 33
2024/07/21 22:06:37 [notice] 1#1: worker process 33 exited with code 0
2024/07/21 22:06:37 [notice] 1#1: signal 29 (SIGIO) received
2024/07/21 22:06:37 [notice] 1#1: signal 17 (SIGCHLD) received from 32
2024/07/21 22:06:37 [notice] 1#1: worker process 32 exited with code 0
2024/07/21 22:06:37 [notice] 1#1: exit
2024/07/21 22:22:31 [notice] 1#1: using the "epoll" event method
2024/07/21 22:22:31 [notice] 1#1: nginx/1.25.5
2024/07/21 22:22:31 [notice] 1#1: built by gcc 12.2.0 (Debian 12.2.0-14) 
2024/07/21 22:22:31 [notice] 1#1: OS: Linux 5.15.0-116-generic
2024/07/21 22:22:31 [notice] 1#1: getrlimit(RLIMIT_NOFILE): 1048576:1048576
2024/07/21 22:22:31 [notice] 1#1: start worker processes
2024/07/21 22:22:31 [notice] 1#1: start worker process 21
2024/07/21 22:22:31 [notice] 1#1: start worker process 22
2024/07/21 22:22:31 [notice] 1#1: start worker process 23
2024/07/21 22:22:31 [notice] 1#1: start worker process 24
2024/07/21 23:06:22 [error] 23#23: *3 open() "/usr/share/nginx/html/1" failed (2: No such file or directory), client: 172.28.0.1, server: localhost, request: "GET /1 HTTP/1.1", host: "localhost"
2024/07/21 23:08:39 [notice] 1#1: signal 3 (SIGQUIT) received, shutting down
2024/07/21 23:08:39 [notice] 21#21: gracefully shutting down
2024/07/21 23:08:39 [notice] 24#24: gracefully shutting down
2024/07/21 23:08:39 [notice] 23#23: gracefully shutting down
2024/07/21 23:08:39 [notice] 21#21: exiting
2024/07/21 23:08:39 [notice] 24#24: exiting
2024/07/21 23:08:39 [notice] 24#24: exit
2024/07/21 23:08:39 [notice] 21#21: exit
2024/07/21 23:08:39 [notice] 23#23: exiting
2024/07/21 23:08:39 [notice] 23#23: exit
2024/07/21 23:08:39 [notice] 22#22: gracefully shutting down
2024/07/21 23:08:39 [notice] 22#22: exiting
2024/07/21 23:08:39 [notice] 22#22: exit
2024/07/21 23:08:40 [notice] 1#1: signal 17 (SIGCHLD) received from 23
2024/07/21 23:08:40 [notice] 1#1: worker process 23 exited with code 0
2024/07/21 23:08:40 [notice] 1#1: signal 29 (SIGIO) received
2024/07/21 23:08:40 [notice] 1#1: signal 17 (SIGCHLD) received from 24
2024/07/21 23:08:40 [notice] 1#1: worker process 21 exited with code 0
2024/07/21 23:08:40 [notice] 1#1: worker process 22 exited with code 0
2024/07/21 23:08:40 [notice] 1#1: worker process 24 exited with code 0
2024/07/21 23:08:40 [notice] 1#1: exit
